<?xml version="1.0" encoding="utf-8"?>
<!DOCTYPE coverage SYSTEM "http://cobertura.sourceforge.net/xml/coverage-04.dtd">
<coverage line-rate="0.42023346303501946" branch-rate="0.2358490566037736" lines-covered="108" lines-valid="257" branches-covered="25" branches-valid="106" complexity="140" version="0" timestamp="1606780548">
  <sources>
    <source>C:\Users\kerim\</source>
  </sources>
  <packages>
    <package name="Hypo Banka" line-rate="0.3378995433789954" branch-rate="0.2358490566037736" complexity="135">
      <classes>
        <class name="Hypo_Banka.Banka" filename="C:\Users\kerim\Source\Repos\KHalilovic3\VVSZ2\Hypo Banka\Hypo Banka\Banka.cs" line-rate="0.35185185185185186" branch-rate="0.38461538461538464" complexity="29">
          <methods>
            <method name="get_Klijenti" signature="()" line-rate="1" branch-rate="1" complexity="1">
              <lines>
                <line number="19" hits="4" branch="false" />
              </lines>
            </method>
            <method name="get_Krediti" signature="()" line-rate="0" branch-rate="1" complexity="1">
              <lines>
                <line number="24" hits="0" branch="false" />
              </lines>
            </method>
            <method name="RadSaKlijentom" signature="(...)" line-rate="0" branch-rate="0" complexity="6">
              <lines>
                <line number="42" hits="0" branch="false" />
                <line number="43" hits="0" branch="true" condition-coverage="0% (0/2)" />
                <line number="44" hits="0" branch="false" />
                <line number="46" hits="0" branch="true" condition-coverage="0% (0/2)" />
                <line number="47" hits="0" branch="false" />
                <line number="48" hits="0" branch="false" />
                <line number="49" hits="0" branch="false" />
                <line number="50" hits="0" branch="false" />
                <line number="52" hits="0" branch="true" condition-coverage="0% (0/2)" />
                <line number="53" hits="0" branch="false" />
                <line number="54" hits="0" branch="false" />
                <line number="55" hits="0" branch="false" />
                <line number="56" hits="0" branch="false" />
              </lines>
            </method>
            <method name="OtvaranjeNovogRačuna" signature="(...)" line-rate="0" branch-rate="0" complexity="4">
              <lines>
                <line number="59" hits="0" branch="false" />
                <line number="60" hits="0" branch="false" />
                <line number="61" hits="0" branch="true" condition-coverage="0% (0/2)" />
                <line number="62" hits="0" branch="false" />
                <line number="64" hits="0" branch="true" condition-coverage="0% (0/2)" />
                <line number="65" hits="0" branch="false" />
                <line number="67" hits="0" branch="false" />
                <line number="68" hits="0" branch="false" />
              </lines>
            </method>
            <method name="KlijentiSBlokiranimRačunima" signature="()" line-rate="1" branch-rate="1" complexity="10">
              <lines>
                <line number="77" hits="2" branch="false" />
                <line number="78" hits="2" branch="false" />
                <line number="79" hits="11" branch="true" condition-coverage="100% (2/2)" />
                <line number="80" hits="3" branch="false" />
                <line number="81" hits="3" branch="false" />
                <line number="82" hits="19" branch="true" condition-coverage="100% (4/4)" />
                <line number="83" hits="4" branch="true" condition-coverage="100% (2/2)" />
                <line number="84" hits="1" branch="false" />
                <line number="85" hits="1" branch="false" />
                <line number="87" hits="2" branch="false" />
                <line number="88" hits="3" branch="true" condition-coverage="100% (2/2)" />
                <line number="90" hits="1" branch="false" />
                <line number="91" hits="1" branch="false" />
              </lines>
            </method>
            <method name="DajKredit" signature="(...)" line-rate="0" branch-rate="0" complexity="4">
              <lines>
                <line number="94" hits="0" branch="false" />
                <line number="95" hits="0" branch="false" />
                <line number="97" hits="0" branch="true" condition-coverage="0% (0/4)" />
                <line number="98" hits="0" branch="false" />
                <line number="100" hits="0" branch="false" />
                <line number="101" hits="0" branch="false" />
              </lines>
            </method>
            <method name="OdobriKredit" signature="(...)" line-rate="0" branch-rate="0" complexity="2">
              <lines>
                <line number="104" hits="0" branch="false" />
                <line number="105" hits="0" branch="true" condition-coverage="0% (0/2)" />
                <line number="106" hits="0" branch="false" />
                <line number="107" hits="0" branch="false" />
                <line number="108" hits="0" branch="false" />
                <line number="111" hits="0" branch="false" />
                <line number="112" hits="0" branch="false" />
              </lines>
            </method>
            <method name=".ctor" signature="()" line-rate="1" branch-rate="1" complexity="1">
              <lines>
                <line number="31" hits="2" branch="false" />
                <line number="32" hits="2" branch="false" />
                <line number="33" hits="2" branch="false" />
                <line number="34" hits="2" branch="false" />
                <line number="35" hits="2" branch="false" />
              </lines>
            </method>
          </methods>
          <lines>
            <line number="19" hits="4" branch="false" />
            <line number="24" hits="0" branch="false" />
            <line number="31" hits="2" branch="false" />
            <line number="32" hits="2" branch="false" />
            <line number="33" hits="2" branch="false" />
            <line number="34" hits="2" branch="false" />
            <line number="35" hits="2" branch="false" />
            <line number="42" hits="0" branch="false" />
            <line number="43" hits="0" branch="true" condition-coverage="0% (0/2)" />
            <line number="44" hits="0" branch="false" />
            <line number="46" hits="0" branch="true" condition-coverage="0% (0/2)" />
            <line number="47" hits="0" branch="false" />
            <line number="48" hits="0" branch="false" />
            <line number="49" hits="0" branch="false" />
            <line number="50" hits="0" branch="false" />
            <line number="52" hits="0" branch="true" condition-coverage="0% (0/2)" />
            <line number="53" hits="0" branch="false" />
            <line number="54" hits="0" branch="false" />
            <line number="55" hits="0" branch="false" />
            <line number="56" hits="0" branch="false" />
            <line number="59" hits="0" branch="false" />
            <line number="60" hits="0" branch="false" />
            <line number="61" hits="0" branch="true" condition-coverage="0% (0/2)" />
            <line number="62" hits="0" branch="false" />
            <line number="64" hits="0" branch="true" condition-coverage="0% (0/2)" />
            <line number="65" hits="0" branch="false" />
            <line number="67" hits="0" branch="false" />
            <line number="68" hits="0" branch="false" />
            <line number="77" hits="2" branch="false" />
            <line number="78" hits="2" branch="false" />
            <line number="79" hits="11" branch="true" condition-coverage="100% (2/2)" />
            <line number="80" hits="3" branch="false" />
            <line number="81" hits="3" branch="false" />
            <line number="82" hits="19" branch="true" condition-coverage="100% (4/4)" />
            <line number="83" hits="4" branch="true" condition-coverage="100% (2/2)" />
            <line number="84" hits="1" branch="false" />
            <line number="85" hits="1" branch="false" />
            <line number="87" hits="2" branch="false" />
            <line number="88" hits="3" branch="true" condition-coverage="100% (2/2)" />
            <line number="90" hits="1" branch="false" />
            <line number="91" hits="1" branch="false" />
            <line number="94" hits="0" branch="false" />
            <line number="95" hits="0" branch="false" />
            <line number="97" hits="0" branch="true" condition-coverage="0% (0/4)" />
            <line number="98" hits="0" branch="false" />
            <line number="100" hits="0" branch="false" />
            <line number="101" hits="0" branch="false" />
            <line number="104" hits="0" branch="false" />
            <line number="105" hits="0" branch="true" condition-coverage="0% (0/2)" />
            <line number="106" hits="0" branch="false" />
            <line number="107" hits="0" branch="false" />
            <line number="108" hits="0" branch="false" />
            <line number="111" hits="0" branch="false" />
            <line number="112" hits="0" branch="false" />
          </lines>
        </class>
        <class name="Hypo_Banka.Klijent" filename="C:\Users\kerim\Source\Repos\KHalilovic3\VVSZ2\Hypo Banka\Hypo Banka\Klijent.cs" line-rate="0.1" branch-rate="0" complexity="28">
          <methods>
            <method name="get_DatumRodenja" signature="()" line-rate="0" branch-rate="1" complexity="1">
              <lines>
                <line number="22" hits="0" branch="false" />
              </lines>
            </method>
            <method name="set_DatumRodenja" signature="(...)" line-rate="0" branch-rate="0" complexity="4">
              <lines>
                <line number="24" hits="0" branch="false" />
                <line number="25" hits="0" branch="true" condition-coverage="0% (0/4)" />
                <line number="26" hits="0" branch="false" />
                <line number="27" hits="0" branch="false" />
                <line number="29" hits="0" branch="false" />
                <line number="30" hits="0" branch="false" />
              </lines>
            </method>
            <method name="get_BrojLicneKarte" signature="()" line-rate="0" branch-rate="1" complexity="1">
              <lines>
                <line number="34" hits="0" branch="false" />
              </lines>
            </method>
            <method name="set_BrojLicneKarte" signature="(...)" line-rate="0" branch-rate="0" complexity="10">
              <lines>
                <line number="36" hits="0" branch="false" />
                <line number="37" hits="0" branch="true" condition-coverage="0% (0/10)" />
                <line number="38" hits="0" branch="false" />
                <line number="39" hits="0" branch="false" />
                <line number="40" hits="0" branch="false" />
                <line number="41" hits="0" branch="false" />
                <line number="42" hits="0" branch="false" />
                <line number="44" hits="0" branch="false" />
                <line number="45" hits="0" branch="false" />
              </lines>
            </method>
            <method name="get_Racuni" signature="()" line-rate="1" branch-rate="1" complexity="1">
              <lines>
                <line number="49" hits="7" branch="false" />
              </lines>
            </method>
            <method name="DajUkupanIznosNovcaNaSvimRačunima" signature="()" line-rate="0" branch-rate="0" complexity="8">
              <lines>
                <line number="81" hits="0" branch="true" condition-coverage="0% (0/2)" />
                <line number="82" hits="0" branch="false" />
                <line number="83" hits="0" branch="false" />
                <line number="86" hits="0" branch="false" />
                <line number="87" hits="0" branch="false" />
                <line number="88" hits="0" branch="true" condition-coverage="0% (0/2)" />
                <line number="89" hits="0" branch="false" />
                <line number="90" hits="0" branch="true" condition-coverage="0% (0/2)" />
                <line number="91" hits="0" branch="false" />
                <line number="92" hits="0" branch="false" />
                <line number="93" hits="0" branch="false" />
                <line number="96" hits="0" branch="false" />
                <line number="97" hits="0" branch="false" />
                <line number="98" hits="0" branch="false" />
                <line number="99" hits="0" branch="false" />
                <line number="101" hits="0" branch="true" condition-coverage="0% (0/2)" />
                <line number="102" hits="0" branch="false" />
                <line number="103" hits="0" branch="false" />
                <line number="106" hits="0" branch="false" />
                <line number="107" hits="0" branch="false" />
              </lines>
            </method>
            <method name="SkiniIznosSaNekogOdRačuna" signature="(...)" line-rate="0" branch-rate="1" complexity="1">
              <lines>
                <line number="110" hits="0" branch="false" />
                <line number="111" hits="0" branch="false" />
              </lines>
            </method>
            <method name=".ctor" signature="(...)" line-rate="0" branch-rate="1" complexity="1">
              <lines>
                <line number="58" hits="0" branch="false" />
                <line number="59" hits="0" branch="false" />
                <line number="60" hits="0" branch="false" />
                <line number="61" hits="0" branch="false" />
                <line number="62" hits="0" branch="false" />
                <line number="63" hits="0" branch="false" />
              </lines>
            </method>
            <method name=".ctor" signature="()" line-rate="1" branch-rate="1" complexity="1">
              <lines>
                <line number="65" hits="6" branch="false" />
                <line number="66" hits="6" branch="false" />
                <line number="67" hits="6" branch="false" />
                <line number="68" hits="6" branch="false" />
              </lines>
            </method>
          </methods>
          <lines>
            <line number="22" hits="0" branch="false" />
            <line number="24" hits="0" branch="false" />
            <line number="25" hits="0" branch="true" condition-coverage="0% (0/4)" />
            <line number="26" hits="0" branch="false" />
            <line number="27" hits="0" branch="false" />
            <line number="29" hits="0" branch="false" />
            <line number="30" hits="0" branch="false" />
            <line number="34" hits="0" branch="false" />
            <line number="36" hits="0" branch="false" />
            <line number="37" hits="0" branch="true" condition-coverage="0% (0/10)" />
            <line number="38" hits="0" branch="false" />
            <line number="39" hits="0" branch="false" />
            <line number="40" hits="0" branch="false" />
            <line number="41" hits="0" branch="false" />
            <line number="42" hits="0" branch="false" />
            <line number="44" hits="0" branch="false" />
            <line number="45" hits="0" branch="false" />
            <line number="49" hits="7" branch="false" />
            <line number="58" hits="0" branch="false" />
            <line number="59" hits="0" branch="false" />
            <line number="60" hits="0" branch="false" />
            <line number="61" hits="0" branch="false" />
            <line number="62" hits="0" branch="false" />
            <line number="63" hits="0" branch="false" />
            <line number="65" hits="6" branch="false" />
            <line number="66" hits="6" branch="false" />
            <line number="67" hits="6" branch="false" />
            <line number="68" hits="6" branch="false" />
            <line number="81" hits="0" branch="true" condition-coverage="0% (0/2)" />
            <line number="82" hits="0" branch="false" />
            <line number="83" hits="0" branch="false" />
            <line number="86" hits="0" branch="false" />
            <line number="87" hits="0" branch="false" />
            <line number="88" hits="0" branch="true" condition-coverage="0% (0/2)" />
            <line number="89" hits="0" branch="false" />
            <line number="90" hits="0" branch="true" condition-coverage="0% (0/2)" />
            <line number="91" hits="0" branch="false" />
            <line number="92" hits="0" branch="false" />
            <line number="93" hits="0" branch="false" />
            <line number="96" hits="0" branch="false" />
            <line number="97" hits="0" branch="false" />
            <line number="98" hits="0" branch="false" />
            <line number="99" hits="0" branch="false" />
            <line number="101" hits="0" branch="true" condition-coverage="0% (0/2)" />
            <line number="102" hits="0" branch="false" />
            <line number="103" hits="0" branch="false" />
            <line number="106" hits="0" branch="false" />
            <line number="107" hits="0" branch="false" />
            <line number="110" hits="0" branch="false" />
            <line number="111" hits="0" branch="false" />
          </lines>
        </class>
        <class name="Hypo_Banka.Korisnik" filename="C:\Users\kerim\Source\Repos\KHalilovic3\VVSZ2\Hypo Banka\Hypo Banka\Korisnik.cs" line-rate="0.057692307692307696" branch-rate="0" complexity="39">
          <methods>
            <method name="get_Id" signature="()" line-rate="0" branch-rate="1" complexity="1">
              <lines>
                <line number="22" hits="0" branch="false" />
              </lines>
            </method>
            <method name="get_Ime" signature="()" line-rate="0" branch-rate="1" complexity="1">
              <lines>
                <line number="27" hits="0" branch="false" />
              </lines>
            </method>
            <method name="set_Ime" signature="(...)" line-rate="0" branch-rate="0" complexity="8">
              <lines>
                <line number="29" hits="0" branch="false" />
                <line number="30" hits="0" branch="true" condition-coverage="0% (0/8)" />
                <line number="31" hits="0" branch="false" />
                <line number="32" hits="0" branch="false" />
                <line number="33" hits="0" branch="false" />
                <line number="35" hits="0" branch="false" />
                <line number="36" hits="0" branch="false" />
              </lines>
            </method>
            <method name="get_Prezime" signature="()" line-rate="0" branch-rate="1" complexity="1">
              <lines>
                <line number="41" hits="0" branch="false" />
              </lines>
            </method>
            <method name="set_Prezime" signature="(...)" line-rate="0" branch-rate="0" complexity="8">
              <lines>
                <line number="43" hits="0" branch="false" />
                <line number="44" hits="0" branch="true" condition-coverage="0% (0/8)" />
                <line number="45" hits="0" branch="false" />
                <line number="46" hits="0" branch="false" />
                <line number="47" hits="0" branch="false" />
                <line number="49" hits="0" branch="false" />
                <line number="50" hits="0" branch="false" />
              </lines>
            </method>
            <method name="get_KorisnickoIme" signature="()" line-rate="0" branch-rate="1" complexity="1">
              <lines>
                <line number="54" hits="0" branch="false" />
              </lines>
            </method>
            <method name="set_KorisnickoIme" signature="(...)" line-rate="0" branch-rate="0" complexity="4">
              <lines>
                <line number="56" hits="0" branch="false" />
                <line number="57" hits="0" branch="true" condition-coverage="0% (0/4)" />
                <line number="58" hits="0" branch="false" />
                <line number="60" hits="0" branch="false" />
                <line number="61" hits="0" branch="false" />
              </lines>
            </method>
            <method name="get_Lozinka" signature="()" line-rate="0" branch-rate="1" complexity="1">
              <lines>
                <line number="65" hits="0" branch="false" />
              </lines>
            </method>
            <method name="set_Lozinka" signature="(...)" line-rate="0" branch-rate="0" complexity="8">
              <lines>
                <line number="67" hits="0" branch="false" />
                <line number="68" hits="0" branch="true" condition-coverage="0% (0/8)" />
                <line number="69" hits="0" branch="false" />
                <line number="70" hits="0" branch="false" />
                <line number="72" hits="0" branch="false" />
                <line number="73" hits="0" branch="false" />
                <line number="74" hits="0" branch="false" />
                <line number="75" hits="0" branch="false" />
              </lines>
            </method>
            <method name="AutomatskoGenerisanjePodataka" signature="()" line-rate="0" branch-rate="0" complexity="4">
              <lines>
                <line number="110" hits="0" branch="false" />
                <line number="111" hits="0" branch="true" condition-coverage="0% (0/4)" />
                <line number="112" hits="0" branch="false" />
                <line number="113" hits="0" branch="false" />
                <line number="115" hits="0" branch="false" />
                <line number="116" hits="0" branch="false" />
                <line number="117" hits="0" branch="false" />
                <line number="118" hits="0" branch="false" />
              </lines>
            </method>
            <method name=".ctor" signature="(...)" line-rate="0" branch-rate="1" complexity="1">
              <lines>
                <line number="82" hits="0" branch="false" />
                <line number="83" hits="0" branch="false" />
                <line number="84" hits="0" branch="false" />
                <line number="85" hits="0" branch="false" />
                <line number="86" hits="0" branch="false" />
                <line number="87" hits="0" branch="false" />
                <line number="89" hits="0" branch="false" />
                <line number="90" hits="0" branch="false" />
                <line number="91" hits="0" branch="false" />
              </lines>
            </method>
            <method name=".ctor" signature="()" line-rate="1" branch-rate="1" complexity="1">
              <lines>
                <line number="93" hits="6" branch="false" />
                <line number="94" hits="6" branch="false" />
                <line number="96" hits="6" branch="false" />
              </lines>
            </method>
          </methods>
          <lines>
            <line number="22" hits="0" branch="false" />
            <line number="27" hits="0" branch="false" />
            <line number="29" hits="0" branch="false" />
            <line number="30" hits="0" branch="true" condition-coverage="0% (0/8)" />
            <line number="31" hits="0" branch="false" />
            <line number="32" hits="0" branch="false" />
            <line number="33" hits="0" branch="false" />
            <line number="35" hits="0" branch="false" />
            <line number="36" hits="0" branch="false" />
            <line number="41" hits="0" branch="false" />
            <line number="43" hits="0" branch="false" />
            <line number="44" hits="0" branch="true" condition-coverage="0% (0/8)" />
            <line number="45" hits="0" branch="false" />
            <line number="46" hits="0" branch="false" />
            <line number="47" hits="0" branch="false" />
            <line number="49" hits="0" branch="false" />
            <line number="50" hits="0" branch="false" />
            <line number="54" hits="0" branch="false" />
            <line number="56" hits="0" branch="false" />
            <line number="57" hits="0" branch="true" condition-coverage="0% (0/4)" />
            <line number="58" hits="0" branch="false" />
            <line number="60" hits="0" branch="false" />
            <line number="61" hits="0" branch="false" />
            <line number="65" hits="0" branch="false" />
            <line number="67" hits="0" branch="false" />
            <line number="68" hits="0" branch="true" condition-coverage="0% (0/8)" />
            <line number="69" hits="0" branch="false" />
            <line number="70" hits="0" branch="false" />
            <line number="72" hits="0" branch="false" />
            <line number="73" hits="0" branch="false" />
            <line number="74" hits="0" branch="false" />
            <line number="75" hits="0" branch="false" />
            <line number="82" hits="0" branch="false" />
            <line number="83" hits="0" branch="false" />
            <line number="84" hits="0" branch="false" />
            <line number="85" hits="0" branch="false" />
            <line number="86" hits="0" branch="false" />
            <line number="87" hits="0" branch="false" />
            <line number="89" hits="0" branch="false" />
            <line number="90" hits="0" branch="false" />
            <line number="91" hits="0" branch="false" />
            <line number="93" hits="6" branch="false" />
            <line number="94" hits="6" branch="false" />
            <line number="96" hits="6" branch="false" />
            <line number="110" hits="0" branch="false" />
            <line number="111" hits="0" branch="true" condition-coverage="0% (0/4)" />
            <line number="112" hits="0" branch="false" />
            <line number="113" hits="0" branch="false" />
            <line number="115" hits="0" branch="false" />
            <line number="116" hits="0" branch="false" />
            <line number="117" hits="0" branch="false" />
            <line number="118" hits="0" branch="false" />
          </lines>
        </class>
        <class name="Hypo_Banka.Kredit" filename="C:\Users\kerim\Source\Repos\KHalilovic3\VVSZ2\Hypo Banka\Hypo Banka\Kredit.cs" line-rate="0.7692307692307693" branch-rate="0.5" complexity="24">
          <methods>
            <method name="get_Klijent" signature="()" line-rate="0" branch-rate="1" complexity="1">
              <lines>
                <line number="21" hits="0" branch="false" />
              </lines>
            </method>
            <method name="set_Klijent" signature="(...)" line-rate="1" branch-rate="1" complexity="1">
              <lines>
                <line number="22" hits="2" branch="false" />
              </lines>
            </method>
            <method name="get_Iznos" signature="()" line-rate="0" branch-rate="1" complexity="1">
              <lines>
                <line number="27" hits="0" branch="false" />
              </lines>
            </method>
            <method name="set_Iznos" signature="(...)" line-rate="0.8" branch-rate="0.5" complexity="4">
              <lines>
                <line number="29" hits="2" branch="false" />
                <line number="30" hits="2" branch="true" condition-coverage="50% (2/4)" />
                <line number="31" hits="0" branch="false" />
                <line number="33" hits="2" branch="false" />
                <line number="34" hits="2" branch="false" />
              </lines>
            </method>
            <method name="get_Rata" signature="()" line-rate="0" branch-rate="1" complexity="1">
              <lines>
                <line number="39" hits="0" branch="false" />
              </lines>
            </method>
            <method name="set_Rata" signature="(...)" line-rate="0.8" branch-rate="0.5" complexity="4">
              <lines>
                <line number="41" hits="2" branch="false" />
                <line number="42" hits="2" branch="true" condition-coverage="50% (2/4)" />
                <line number="43" hits="0" branch="false" />
                <line number="45" hits="2" branch="false" />
                <line number="46" hits="2" branch="false" />
              </lines>
            </method>
            <method name="get_KamatnaStopa" signature="()" line-rate="0" branch-rate="1" complexity="1">
              <lines>
                <line number="51" hits="0" branch="false" />
              </lines>
            </method>
            <method name="set_KamatnaStopa" signature="(...)" line-rate="0.8" branch-rate="0.5" complexity="4">
              <lines>
                <line number="53" hits="2" branch="false" />
                <line number="54" hits="2" branch="true" condition-coverage="50% (2/4)" />
                <line number="55" hits="0" branch="false" />
                <line number="57" hits="2" branch="false" />
                <line number="58" hits="2" branch="false" />
              </lines>
            </method>
            <method name="get_RokOtplate" signature="()" line-rate="0" branch-rate="1" complexity="1">
              <lines>
                <line number="63" hits="0" branch="false" />
              </lines>
            </method>
            <method name="set_RokOtplate" signature="(...)" line-rate="0.8333333333333334" branch-rate="0.5" complexity="4">
              <lines>
                <line number="65" hits="2" branch="false" />
                <line number="66" hits="2" branch="true" condition-coverage="50% (2/4)" />
                <line number="67" hits="2" branch="false" />
                <line number="68" hits="0" branch="false" />
                <line number="70" hits="2" branch="false" />
                <line number="71" hits="2" branch="false" />
              </lines>
            </method>
            <method name="ProvjeriStanjeOtplate" signature="()" line-rate="1" branch-rate="1" complexity="1">
              <lines>
                <line number="101" hits="2" branch="false" />
                <line number="102" hits="2" branch="false" />
                <line number="103" hits="2" branch="false" />
                <line number="106" hits="2" branch="false" />
              </lines>
            </method>
            <method name=".ctor" signature="(...)" line-rate="1" branch-rate="1" complexity="1">
              <lines>
                <line number="78" hits="2" branch="false" />
                <line number="79" hits="2" branch="false" />
                <line number="80" hits="2" branch="false" />
                <line number="81" hits="2" branch="false" />
                <line number="82" hits="2" branch="false" />
                <line number="83" hits="2" branch="false" />
                <line number="84" hits="2" branch="false" />
                <line number="85" hits="2" branch="false" />
              </lines>
            </method>
          </methods>
          <lines>
            <line number="21" hits="0" branch="false" />
            <line number="22" hits="2" branch="false" />
            <line number="27" hits="0" branch="false" />
            <line number="29" hits="2" branch="false" />
            <line number="30" hits="2" branch="true" condition-coverage="50% (2/4)" />
            <line number="31" hits="0" branch="false" />
            <line number="33" hits="2" branch="false" />
            <line number="34" hits="2" branch="false" />
            <line number="39" hits="0" branch="false" />
            <line number="41" hits="2" branch="false" />
            <line number="42" hits="2" branch="true" condition-coverage="50% (2/4)" />
            <line number="43" hits="0" branch="false" />
            <line number="45" hits="2" branch="false" />
            <line number="46" hits="2" branch="false" />
            <line number="51" hits="0" branch="false" />
            <line number="53" hits="2" branch="false" />
            <line number="54" hits="2" branch="true" condition-coverage="50% (2/4)" />
            <line number="55" hits="0" branch="false" />
            <line number="57" hits="2" branch="false" />
            <line number="58" hits="2" branch="false" />
            <line number="63" hits="0" branch="false" />
            <line number="65" hits="2" branch="false" />
            <line number="66" hits="2" branch="true" condition-coverage="50% (2/4)" />
            <line number="67" hits="2" branch="false" />
            <line number="68" hits="0" branch="false" />
            <line number="70" hits="2" branch="false" />
            <line number="71" hits="2" branch="false" />
            <line number="78" hits="2" branch="false" />
            <line number="79" hits="2" branch="false" />
            <line number="80" hits="2" branch="false" />
            <line number="81" hits="2" branch="false" />
            <line number="82" hits="2" branch="false" />
            <line number="83" hits="2" branch="false" />
            <line number="84" hits="2" branch="false" />
            <line number="85" hits="2" branch="false" />
            <line number="101" hits="2" branch="false" />
            <line number="102" hits="2" branch="false" />
            <line number="103" hits="2" branch="false" />
            <line number="106" hits="2" branch="false" />
          </lines>
        </class>
        <class name="Hypo_Banka.Racun" filename="C:\Users\kerim\Source\Repos\KHalilovic3\VVSZ2\Hypo Banka\Hypo Banka\Racun.cs" line-rate="0.7727272727272727" branch-rate="0.7" complexity="14">
          <methods>
            <method name="get_BrojRacuna" signature="()" line-rate="0" branch-rate="1" complexity="1">
              <lines>
                <line number="22" hits="0" branch="false" />
              </lines>
            </method>
            <method name="get_StanjeRacuna" signature="()" line-rate="0" branch-rate="1" complexity="1">
              <lines>
                <line number="26" hits="0" branch="false" />
              </lines>
            </method>
            <method name="get_Blokiran" signature="()" line-rate="1" branch-rate="1" complexity="1">
              <lines>
                <line number="30" hits="3" branch="false" />
              </lines>
            </method>
            <method name="set_Blokiran" signature="(...)" line-rate="0.7142857142857143" branch-rate="0.75" complexity="8">
              <lines>
                <line number="32" hits="5" branch="false" />
                <line number="33" hits="5" branch="true" condition-coverage="75% (3/4)" />
                <line number="34" hits="0" branch="false" />
                <line number="35" hits="5" branch="true" condition-coverage="75% (3/4)" />
                <line number="36" hits="0" branch="false" />
                <line number="38" hits="5" branch="false" />
                <line number="39" hits="5" branch="false" />
              </lines>
            </method>
            <method name="PromijeniStanjeRačuna" signature="(...)" line-rate="0.8" branch-rate="0.5" complexity="2">
              <lines>
                <line number="59" hits="1" branch="false" />
                <line number="60" hits="1" branch="true" condition-coverage="50% (1/2)" />
                <line number="61" hits="1" branch="false" />
                <line number="63" hits="0" branch="false" />
                <line number="64" hits="1" branch="false" />
              </lines>
            </method>
            <method name=".ctor" signature="(...)" line-rate="1" branch-rate="1" complexity="1">
              <lines>
                <line number="46" hits="4" branch="false" />
                <line number="47" hits="4" branch="false" />
                <line number="48" hits="4" branch="false" />
                <line number="49" hits="4" branch="false" />
                <line number="50" hits="4" branch="false" />
                <line number="51" hits="4" branch="false" />
                <line number="52" hits="4" branch="false" />
              </lines>
            </method>
          </methods>
          <lines>
            <line number="22" hits="0" branch="false" />
            <line number="26" hits="0" branch="false" />
            <line number="30" hits="3" branch="false" />
            <line number="32" hits="5" branch="false" />
            <line number="33" hits="5" branch="true" condition-coverage="75% (3/4)" />
            <line number="34" hits="0" branch="false" />
            <line number="35" hits="5" branch="true" condition-coverage="75% (3/4)" />
            <line number="36" hits="0" branch="false" />
            <line number="38" hits="5" branch="false" />
            <line number="39" hits="5" branch="false" />
            <line number="46" hits="4" branch="false" />
            <line number="47" hits="4" branch="false" />
            <line number="48" hits="4" branch="false" />
            <line number="49" hits="4" branch="false" />
            <line number="50" hits="4" branch="false" />
            <line number="51" hits="4" branch="false" />
            <line number="52" hits="4" branch="false" />
            <line number="59" hits="1" branch="false" />
            <line number="60" hits="1" branch="true" condition-coverage="50% (1/2)" />
            <line number="61" hits="1" branch="false" />
            <line number="63" hits="0" branch="false" />
            <line number="64" hits="1" branch="false" />
          </lines>
        </class>
        <class name="Hypo_Banka.Zahtjev" filename="C:\Users\kerim\Source\Repos\KHalilovic3\VVSZ2\Hypo Banka\Hypo Banka\Zahtjev.cs" line-rate="0" branch-rate="1" complexity="1">
          <methods>
            <method name="DaLiJePovoljan" signature="()" line-rate="0" branch-rate="1" complexity="1">
              <lines>
                <line number="14" hits="0" branch="false" />
                <line number="15" hits="0" branch="false" />
              </lines>
            </method>
          </methods>
          <lines>
            <line number="14" hits="0" branch="false" />
            <line number="15" hits="0" branch="false" />
          </lines>
        </class>
      </classes>
    </package>
    <package name="Zadatak1Test" line-rate="0.8947368421052632" branch-rate="1" complexity="5">
      <classes>
        <class name="AutoGeneratedProgram" filename="C:\Users\kerim\.nuget\packages\microsoft.net.test.sdk\16.7.1\build\netcoreapp2.1\Microsoft.NET.Test.Sdk.Program.cs" line-rate="0" branch-rate="1" complexity="1">
          <methods>
            <method name="Main" signature="(...)" line-rate="0" branch-rate="1" complexity="1">
              <lines>
                <line number="4" hits="0" branch="false" />
              </lines>
            </method>
          </methods>
          <lines>
            <line number="4" hits="0" branch="false" />
          </lines>
        </class>
        <class name="Zadatak1Test.UnitTest1" filename="C:\Users\kerim\Source\Repos\KHalilovic3\VVSZ2\Hypo Banka\Zadatak1Test\UnitTest1.cs" line-rate="0.918918918918919" branch-rate="1" complexity="4">
          <methods>
            <method name="TestProvjeriStanjeOtplate1" signature="()" line-rate="0.8" branch-rate="1" complexity="1">
              <lines>
                <line number="13" hits="1" branch="false" />
                <line number="14" hits="1" branch="false" />
                <line number="15" hits="1" branch="false" />
                <line number="16" hits="1" branch="false" />
                <line number="17" hits="0" branch="false" />
              </lines>
            </method>
            <method name="TestProvjeriStanjeOtplate2" signature="()" line-rate="0.8" branch-rate="1" complexity="1">
              <lines>
                <line number="20" hits="1" branch="false" />
                <line number="21" hits="1" branch="false" />
                <line number="22" hits="1" branch="false" />
                <line number="23" hits="1" branch="false" />
                <line number="24" hits="0" branch="false" />
              </lines>
            </method>
            <method name="TestKlijentiSBlokiranimRačunimaRadi" signature="()" line-rate="1" branch-rate="1" complexity="1">
              <lines>
                <line number="29" hits="1" branch="false" />
                <line number="30" hits="1" branch="false" />
                <line number="31" hits="1" branch="false" />
                <line number="32" hits="1" branch="false" />
                <line number="33" hits="1" branch="false" />
                <line number="34" hits="1" branch="false" />
                <line number="35" hits="1" branch="false" />
                <line number="36" hits="1" branch="false" />
                <line number="37" hits="1" branch="false" />
                <line number="38" hits="1" branch="false" />
                <line number="39" hits="1" branch="false" />
                <line number="40" hits="1" branch="false" />
                <line number="41" hits="1" branch="false" />
                <line number="42" hits="1" branch="false" />
                <line number="43" hits="1" branch="false" />
                <line number="44" hits="1" branch="false" />
                <line number="45" hits="1" branch="false" />
              </lines>
            </method>
            <method name="TestKlijentiSBlokiranimRačunimaGreska" signature="()" line-rate="0.9" branch-rate="1" complexity="1">
              <lines>
                <line number="50" hits="1" branch="false" />
                <line number="51" hits="1" branch="false" />
                <line number="52" hits="1" branch="false" />
                <line number="53" hits="1" branch="false" />
                <line number="54" hits="1" branch="false" />
                <line number="55" hits="1" branch="false" />
                <line number="56" hits="1" branch="false" />
                <line number="57" hits="1" branch="false" />
                <line number="59" hits="1" branch="false" />
                <line number="60" hits="0" branch="false" />
              </lines>
            </method>
          </methods>
          <lines>
            <line number="13" hits="1" branch="false" />
            <line number="14" hits="1" branch="false" />
            <line number="15" hits="1" branch="false" />
            <line number="16" hits="1" branch="false" />
            <line number="17" hits="0" branch="false" />
            <line number="20" hits="1" branch="false" />
            <line number="21" hits="1" branch="false" />
            <line number="22" hits="1" branch="false" />
            <line number="23" hits="1" branch="false" />
            <line number="24" hits="0" branch="false" />
            <line number="29" hits="1" branch="false" />
            <line number="30" hits="1" branch="false" />
            <line number="31" hits="1" branch="false" />
            <line number="32" hits="1" branch="false" />
            <line number="33" hits="1" branch="false" />
            <line number="34" hits="1" branch="false" />
            <line number="35" hits="1" branch="false" />
            <line number="36" hits="1" branch="false" />
            <line number="37" hits="1" branch="false" />
            <line number="38" hits="1" branch="false" />
            <line number="39" hits="1" branch="false" />
            <line number="40" hits="1" branch="false" />
            <line number="41" hits="1" branch="false" />
            <line number="42" hits="1" branch="false" />
            <line number="43" hits="1" branch="false" />
            <line number="44" hits="1" branch="false" />
            <line number="45" hits="1" branch="false" />
            <line number="50" hits="1" branch="false" />
            <line number="51" hits="1" branch="false" />
            <line number="52" hits="1" branch="false" />
            <line number="53" hits="1" branch="false" />
            <line number="54" hits="1" branch="false" />
            <line number="55" hits="1" branch="false" />
            <line number="56" hits="1" branch="false" />
            <line number="57" hits="1" branch="false" />
            <line number="59" hits="1" branch="false" />
            <line number="60" hits="0" branch="false" />
          </lines>
        </class>
      </classes>
    </package>
  </packages>
</coverage>