TpTrace Information: 0 : 10060, 1, 2020/11/30, 23:46:02.109, 8073567580282, testhost.dll, DefaultEngineInvoker.Invoke: Testhost process started with args :[--port, 64663],[--endpoint, 127.0.0.1:064663],[--role, client],[--parentprocessid, 8536],[--diag, C:\Users\kerim\Source\Repos\KHalilovic3\VVSZ2\Hypo Banka\Unit Testovi\bin\Debug\fine-code-coverage\_outputfolder\diagnostics.host.20-11-30_23-46-01_90844_4.log],[--tracelevel, 4],[--datacollectionport, 64662],[--telemetryoptedin, false]
TpTrace Information: 0 : 10060, 1, 2020/11/30, 23:46:02.116, 8073567614921, testhost.dll, DefaultEngineInvoker.SetParentProcessExitCallback: Monitoring parent process with id: '8536'
TpTrace Information: 0 : 10060, 1, 2020/11/30, 23:46:02.128, 8073567732107, testhost.dll, DefaultEngineInvoker.GetConnectionInfo: Initialize communication on endpoint address: '127.0.0.1:064663'
TpTrace Information: 0 : 10060, 1, 2020/11/30, 23:46:02.155, 8073568004959, testhost.dll, SocketClient.Start: connecting to server endpoint: 127.0.0.1:064663
TpTrace Information: 0 : 10060, 1, 2020/11/30, 23:46:02.163, 8073568078705, testhost.dll, DefaultEngineInvoker.ConnectToDatacollector: Connecting to datacollector, port: 64662
TpTrace Information: 0 : 10060, 6, 2020/11/30, 23:46:02.165, 8073568103666, testhost.dll, SocketClient.OnServerConnected: connected to server endpoint: 127.0.0.1:064663
TpTrace Information: 0 : 10060, 1, 2020/11/30, 23:46:02.167, 8073568123446, testhost.dll, Trying to connect to server on socket : 127.0.0.1:64662 
TpTrace Verbose: 0 : 10060, 1, 2020/11/30, 23:46:02.168, 8073568130462, testhost.dll, SocketCommunicationManager : SetupClientAsync : Attempting to connect to the server.
TpTrace Verbose: 0 : 10060, 6, 2020/11/30, 23:46:02.168, 8073568130462, testhost.dll, Connected to server, and starting MessageLoopAsync
TpTrace Information: 0 : 10060, 6, 2020/11/30, 23:46:02.170, 8073568154790, testhost.dll, Connected to the server successfully 
TpTrace Information: 0 : 10060, 6, 2020/11/30, 23:46:02.171, 8073568156148, testhost.dll, Using the buffer size of 16384 bytes
TpTrace Information: 0 : 10060, 1, 2020/11/30, 23:46:02.171, 8073568163877, testhost.dll, DefaultEngineInvoker.Invoke: Start Request Processing.
TpTrace Verbose: 0 : 10060, 9, 2020/11/30, 23:46:02.172, 8073568173008, testhost.dll, TcpClientExtensions.MessageLoopAsync: Polling on remoteEndPoint: [::ffff:127.0.0.1]:64663 localEndPoint: [::ffff:127.0.0.1]:64665
TpTrace Information: 0 : 10060, 12, 2020/11/30, 23:46:02.172, 8073568173809, testhost.dll, DefaultEngineInvoker.StartProcessingAsync: Connected to vstest.console, Starting process requests.
TpTrace Verbose: 0 : 10060, 9, 2020/11/30, 23:46:02.173, 8073568176285, testhost.dll, TcpClientExtensions.MessageLoopAsync: NotifyDataAvailable remoteEndPoint: [::ffff:127.0.0.1]:64663 localEndPoint: [::ffff:127.0.0.1]:64665
TpTrace Information: 0 : 10060, 9, 2020/11/30, 23:46:02.334, 8073569790398, testhost.dll, TestRequestHandler.ProcessRequests: received message: (ProtocolVersion) -> 3
TpTrace Verbose: 0 : 10060, 9, 2020/11/30, 23:46:02.371, 8073570160523, testhost.dll, TestRequestHandler.SendData:  sending data from testhost: {"Version":2,"MessageType":"TestSession.Message","Payload":{"MessageLevel":0,"Message":"Logging TestHost Diagnostics in file: C:\\Users\\kerim\\Source\\Repos\\KHalilovic3\\VVSZ2\\Hypo Banka\\Unit Testovi\\bin\\Debug\\fine-code-coverage\\_outputfolder\\diagnostics.host.20-11-30_23-46-01_90844_4.log"}}
TpTrace Verbose: 0 : 10060, 9, 2020/11/30, 23:46:02.371, 8073570162206, testhost.dll, TcpClientExtensions.MessageLoopAsync: Polling on remoteEndPoint: [::ffff:127.0.0.1]:64663 localEndPoint: [::ffff:127.0.0.1]:64665
TpTrace Verbose: 0 : 10060, 9, 2020/11/30, 23:46:02.371, 8073570162915, testhost.dll, TcpClientExtensions.MessageLoopAsync: NotifyDataAvailable remoteEndPoint: [::ffff:127.0.0.1]:64663 localEndPoint: [::ffff:127.0.0.1]:64665
TpTrace Information: 0 : 10060, 9, 2020/11/30, 23:46:02.375, 8073570204459, testhost.dll, TestRequestHandler.ProcessRequests: received message: (TestExecution.Initialize) -> [
  "C:\\Users\\kerim\\Source\\Repos\\KHalilovic3\\VVSZ2\\Hypo Banka\\Unit Testovi\\bin\\Debug\\fine-code-coverage\\Microsoft.VisualStudio.TestPlatform.MSTest.TestAdapter.dll"
]
TpTrace Information: 0 : 10060, 9, 2020/11/30, 23:46:02.376, 8073570206665, testhost.dll, Execution Session Initialize.
TpTrace Verbose: 0 : 10060, 9, 2020/11/30, 23:46:02.385, 8073570304393, testhost.dll, TcpClientExtensions.MessageLoopAsync: Polling on remoteEndPoint: [::ffff:127.0.0.1]:64663 localEndPoint: [::ffff:127.0.0.1]:64665
TpTrace Verbose: 0 : 10060, 9, 2020/11/30, 23:46:02.386, 8073570305356, testhost.dll, TcpClientExtensions.MessageLoopAsync: NotifyDataAvailable remoteEndPoint: [::ffff:127.0.0.1]:64663 localEndPoint: [::ffff:127.0.0.1]:64665
TpTrace Verbose: 0 : 10060, 4, 2020/11/30, 23:46:02.388, 8073570333518, testhost.dll, TestExecutorService: Loading the extensions
TpTrace Information: 0 : 10060, 9, 2020/11/30, 23:46:02.389, 8073570345085, testhost.dll, TestRequestHandler.ProcessRequests: received message: (TestExecution.StartWithSources) -> {
  "AdapterSourceMap": {
    "_none_": [
      "C:\\Users\\kerim\\Source\\Repos\\KHalilovic3\\VVSZ2\\Hypo Banka\\Unit Testovi\\bin\\Debug\\fine-code-coverage\\Unit Testovi.dll"
    ]
  },
  "RunSettings": "<RunSettings>\r\n  <RunConfiguration>\r\n    <ResultsDirectory>C:\\Users\\kerim\\Source\\Repos\\KHalilovic3\\VVSZ2\\Hypo Banka\\Unit Testovi\\bin\\Debug\\fine-code-coverage\\_outputfolder</ResultsDirectory>\r\n    <TargetPlatform>X64</TargetPlatform>\r\n    <TargetFrameworkVersion>.NETCoreApp,Version=v3.1</TargetFrameworkVersion>\r\n    <DesignMode>False</DesignMode>\r\n    <CollectSourceInformation>False</CollectSourceInformation>\r\n  </RunConfiguration>\r\n  <LoggerRunSettings>\r\n    <Loggers>\r\n      <Logger friendlyName=\"blame\" enabled=\"True\" />\r\n      <Logger friendlyName=\"Console\" uri=\"logger://microsoft/TestPlatform/ConsoleLogger/v1\" assemblyQualifiedName=\"Microsoft.VisualStudio.TestPlatform.CommandLine.Internal.ConsoleLogger, vstest.console, Version=15.0.0.0, Culture=neutral, PublicKeyToken=b03f5f7f11d50a3a\" codeBase=\"C:\\Program Files\\dotnet\\sdk\\5.0.100\\vstest.console.dll\" enabled=\"True\" />\r\n    </Loggers>\r\n  </LoggerRunSettings>\r\n  <DataCollectionRunSettings>\r\n    <DataCollectors>\r\n      <DataCollector friendlyName=\"blame\" enabled=\"True\">\r\n        <Configuration>\r\n          <ResultsDirectory>C:\\Users\\kerim\\Source\\Repos\\KHalilovic3\\VVSZ2\\Hypo Banka\\Unit Testovi\\bin\\Debug\\fine-code-coverage\\_outputfolder</ResultsDirectory>\r\n        </Configuration>\r\n      </DataCollector>\r\n    </DataCollectors>\r\n  </DataCollectionRunSettings>\r\n</RunSettings>",
  "TestExecutionContext": {
    "FrequencyOfRunStatsChangeEvent": 10,
    "RunStatsChangeEventTimeout": "00:00:01.5000000",
    "InIsolation": false,
    "KeepAlive": false,
    "AreTestCaseLevelEventsRequired": false,
    "IsDebug": false,
    "TestCaseFilter": null,
    "FilterOptions": null
  },
  "Package": null
}
TpTrace Information: 0 : 10060, 9, 2020/11/30, 23:46:02.390, 8073570346366, testhost.dll, Execution started.
TpTrace Verbose: 0 : 10060, 4, 2020/11/30, 23:46:02.390, 8073570353427, testhost.dll, TestPluginCache.DiscoverTestExtensions: finding test extensions in assemblies endswith: TestAdapter.dll TPluginInfo: Microsoft.VisualStudio.TestPlatform.Common.ExtensionFramework.Utilities.TestExecutorPluginInformation TExtension: Microsoft.VisualStudio.TestPlatform.ObjectModel.Adapter.ITestExecutor
TpTrace Verbose: 0 : 10060, 4, 2020/11/30, 23:46:02.391, 8073570365133, testhost.dll, TestPluginCache.GetExtensionPaths: Filtered extension paths: 
TpTrace Verbose: 0 : 10060, 4, 2020/11/30, 23:46:02.392, 8073570368586, testhost.dll, TestPluginCache.GetExtensionPaths: Added default extension paths: C:\Users\kerim\Source\Repos\KHalilovic3\VVSZ2\Hypo Banka\Unit Testovi\bin\Debug\fine-code-coverage\Microsoft.VisualStudio.TestPlatform.MSTest.TestAdapter.dll
TpTrace Verbose: 0 : 10060, 4, 2020/11/30, 23:46:02.392, 8073570369098, testhost.dll, TestPluginCache.GetExtensionPaths: Added unfilterableExtensionPaths: 
TpTrace Information: 0 : 10060, 4, 2020/11/30, 23:46:02.394, 8073570391883, testhost.dll, AssemblyResolver.ctor: Creating AssemblyResolver with searchDirectories C:\Users\kerim\Source\Repos\KHalilovic3\VVSZ2\Hypo Banka\Unit Testovi\bin\Debug\fine-code-coverage
TpTrace Verbose: 0 : 10060, 4, 2020/11/30, 23:46:02.396, 8073570413893, testhost.dll, TestPluginCache.DiscoverTestExtensions: Discovering the extensions using extension path.
TpTrace Verbose: 0 : 10060, 4, 2020/11/30, 23:46:02.397, 8073570415802, testhost.dll, TestPluginCache.GetExtensionPaths: Filtered extension paths: 
TpTrace Verbose: 0 : 10060, 4, 2020/11/30, 23:46:02.397, 8073570416304, testhost.dll, TestPluginCache.GetExtensionPaths: Added default extension paths: C:\Users\kerim\Source\Repos\KHalilovic3\VVSZ2\Hypo Banka\Unit Testovi\bin\Debug\fine-code-coverage\Microsoft.VisualStudio.TestPlatform.MSTest.TestAdapter.dll
TpTrace Verbose: 0 : 10060, 4, 2020/11/30, 23:46:02.397, 8073570416628, testhost.dll, TestPluginCache.GetExtensionPaths: Added unfilterableExtensionPaths: 
TpTrace Verbose: 0 : 10060, 4, 2020/11/30, 23:46:02.397, 8073570417192, testhost.dll, TestPluginCache.DiscoverTestExtensions: Discovering the extensions using allExtensionPaths: C:\Users\kerim\Source\Repos\KHalilovic3\VVSZ2\Hypo Banka\Unit Testovi\bin\Debug\fine-code-coverage\Microsoft.VisualStudio.TestPlatform.MSTest.TestAdapter.dll
TpTrace Information: 0 : 10060, 4, 2020/11/30, 23:46:02.398, 8073570428236, testhost.dll, AssemblyResolver.AddSearchDirectories: Adding more searchDirectories C:\Users\kerim\Source\Repos\KHalilovic3\VVSZ2\Hypo Banka\Unit Testovi\bin\Debug\fine-code-coverage
TpTrace Information: 0 : 10060, 4, 2020/11/30, 23:46:02.403, 8073570482040, testhost.dll, AssemblyResolver.OnResolve: Microsoft.VisualStudio.TestPlatform.MSTest.TestAdapter: Resolving assembly.
TpTrace Information: 0 : 10060, 4, 2020/11/30, 23:46:02.405, 8073570498574, testhost.dll, AssemblyResolver.OnResolve: Resolved assembly: Microsoft.VisualStudio.TestPlatform.MSTest.TestAdapter, from path: C:\Users\kerim\Source\Repos\KHalilovic3\VVSZ2\Hypo Banka\Unit Testovi\bin\Debug\fine-code-coverage\Microsoft.VisualStudio.TestPlatform.MSTest.TestAdapter.dll
TpTrace Information: 0 : 10060, 4, 2020/11/30, 23:46:02.407, 8073570518189, testhost.dll, AssemblyResolver.OnResolve: Microsoft.VisualStudio.TestPlatform.MSTestAdapter.PlatformServices.Interface: Resolving assembly.
TpTrace Information: 0 : 10060, 4, 2020/11/30, 23:46:02.407, 8073570523942, testhost.dll, AssemblyResolver.OnResolve: Resolved assembly: Microsoft.VisualStudio.TestPlatform.MSTestAdapter.PlatformServices.Interface, from path: C:\Users\kerim\Source\Repos\KHalilovic3\VVSZ2\Hypo Banka\Unit Testovi\bin\Debug\fine-code-coverage\Microsoft.VisualStudio.TestPlatform.MSTestAdapter.PlatformServices.Interface.dll
TpTrace Information: 0 : 10060, 4, 2020/11/30, 23:46:02.408, 8073570526207, testhost.dll, AssemblyResolver.OnResolve: Microsoft.VisualStudio.TestPlatform.MSTestAdapter.PlatformServices: Resolving assembly.
TpTrace Information: 0 : 10060, 4, 2020/11/30, 23:46:02.408, 8073570532124, testhost.dll, AssemblyResolver.OnResolve: Resolved assembly: Microsoft.VisualStudio.TestPlatform.MSTestAdapter.PlatformServices, from path: C:\Users\kerim\Source\Repos\KHalilovic3\VVSZ2\Hypo Banka\Unit Testovi\bin\Debug\fine-code-coverage\Microsoft.VisualStudio.TestPlatform.MSTestAdapter.PlatformServices.dll
TpTrace Verbose: 0 : 10060, 4, 2020/11/30, 23:46:02.414, 8073570589777, testhost.dll, TestPluginCache: Discovered the extensions using extension path ''.
TpTrace Verbose: 0 : 10060, 4, 2020/11/30, 23:46:02.415, 8073570596313, testhost.dll, TestPluginCache: Discoverers are ''.
TpTrace Verbose: 0 : 10060, 4, 2020/11/30, 23:46:02.415, 8073570597504, testhost.dll, TestPluginCache: Executors are 'executor://MSTestAdapter/v2'.
TpTrace Verbose: 0 : 10060, 4, 2020/11/30, 23:46:02.415, 8073570598918, testhost.dll, TestPluginCache: Setting providers are ''.
TpTrace Verbose: 0 : 10060, 4, 2020/11/30, 23:46:02.415, 8073570600279, testhost.dll, TestPluginCache: Loggers are ''.
TpTrace Verbose: 0 : 10060, 9, 2020/11/30, 23:46:02.417, 8073570616867, testhost.dll, TcpClientExtensions.MessageLoopAsync: Polling on remoteEndPoint: [::ffff:127.0.0.1]:64663 localEndPoint: [::ffff:127.0.0.1]:64665
TpTrace Information: 0 : 10060, 4, 2020/11/30, 23:46:02.422, 8073570671486, testhost.dll, TestPluginManager.CreateTestExtension: Attempting to load test extension: Microsoft.VisualStudio.TestPlatform.MSTest.TestAdapter.MSTestExecutor
TpTrace Verbose: 0 : 10060, 4, 2020/11/30, 23:46:02.427, 8073570718025, testhost.dll, TestExecutorExtensionManager: Loading executor Microsoft.VisualStudio.TestPlatform.MSTest.TestAdapter.MSTestExecutor
TpTrace Verbose: 0 : 10060, 4, 2020/11/30, 23:46:02.427, 8073570718806, testhost.dll, TestExecutorService: Loaded the executors
TpTrace Verbose: 0 : 10060, 4, 2020/11/30, 23:46:02.428, 8073570727511, testhost.dll, TestPluginCache.DiscoverTestExtensions: finding test extensions in assemblies endswith: TestAdapter.dll TPluginInfo: Microsoft.VisualStudio.TestPlatform.Common.ExtensionFramework.Utilities.TestSettingsProviderPluginInformation TExtension: Microsoft.VisualStudio.TestPlatform.ObjectModel.Adapter.ISettingsProvider
TpTrace Verbose: 0 : 10060, 4, 2020/11/30, 23:46:02.428, 8073570730539, testhost.dll, TestPluginCache.GetExtensionPaths: Filtered extension paths: 
TpTrace Verbose: 0 : 10060, 4, 2020/11/30, 23:46:02.428, 8073570731187, testhost.dll, TestPluginCache.GetExtensionPaths: Added default extension paths: C:\Users\kerim\Source\Repos\KHalilovic3\VVSZ2\Hypo Banka\Unit Testovi\bin\Debug\fine-code-coverage\Microsoft.VisualStudio.TestPlatform.MSTest.TestAdapter.dll
TpTrace Verbose: 0 : 10060, 4, 2020/11/30, 23:46:02.428, 8073570731514, testhost.dll, TestPluginCache.GetExtensionPaths: Added unfilterableExtensionPaths: 
TpTrace Information: 0 : 10060, 4, 2020/11/30, 23:46:02.428, 8073570733218, testhost.dll, AssemblyResolver.AddSearchDirectories: Adding more searchDirectories C:\Users\kerim\Source\Repos\KHalilovic3\VVSZ2\Hypo Banka\Unit Testovi\bin\Debug\fine-code-coverage
TpTrace Verbose: 0 : 10060, 4, 2020/11/30, 23:46:02.428, 8073570733816, testhost.dll, TestPluginCache.DiscoverTestExtensions: Discovering the extensions using extension path.
TpTrace Verbose: 0 : 10060, 4, 2020/11/30, 23:46:02.428, 8073570734318, testhost.dll, TestPluginCache.GetExtensionPaths: Filtered extension paths: 
TpTrace Verbose: 0 : 10060, 4, 2020/11/30, 23:46:02.428, 8073570734614, testhost.dll, TestPluginCache.GetExtensionPaths: Added default extension paths: C:\Users\kerim\Source\Repos\KHalilovic3\VVSZ2\Hypo Banka\Unit Testovi\bin\Debug\fine-code-coverage\Microsoft.VisualStudio.TestPlatform.MSTest.TestAdapter.dll
TpTrace Verbose: 0 : 10060, 4, 2020/11/30, 23:46:02.428, 8073570734902, testhost.dll, TestPluginCache.GetExtensionPaths: Added unfilterableExtensionPaths: 
TpTrace Verbose: 0 : 10060, 4, 2020/11/30, 23:46:02.429, 8073570735405, testhost.dll, TestPluginCache.DiscoverTestExtensions: Discovering the extensions using allExtensionPaths: C:\Users\kerim\Source\Repos\KHalilovic3\VVSZ2\Hypo Banka\Unit Testovi\bin\Debug\fine-code-coverage\Microsoft.VisualStudio.TestPlatform.MSTest.TestAdapter.dll
TpTrace Information: 0 : 10060, 4, 2020/11/30, 23:46:02.429, 8073570735812, testhost.dll, AssemblyResolver.AddSearchDirectories: Adding more searchDirectories C:\Users\kerim\Source\Repos\KHalilovic3\VVSZ2\Hypo Banka\Unit Testovi\bin\Debug\fine-code-coverage
TpTrace Verbose: 0 : 10060, 4, 2020/11/30, 23:46:02.429, 8073570738123, testhost.dll, TestPluginCache: Discovered the extensions using extension path ''.
TpTrace Verbose: 0 : 10060, 4, 2020/11/30, 23:46:02.429, 8073570738511, testhost.dll, TestPluginCache: Discoverers are ''.
TpTrace Verbose: 0 : 10060, 4, 2020/11/30, 23:46:02.429, 8073570738936, testhost.dll, TestPluginCache: Executors are 'executor://MSTestAdapter/v2'.
TpTrace Verbose: 0 : 10060, 4, 2020/11/30, 23:46:02.429, 8073570739558, testhost.dll, TestPluginCache: Setting providers are ''.
TpTrace Verbose: 0 : 10060, 4, 2020/11/30, 23:46:02.429, 8073570740020, testhost.dll, TestPluginCache: Loggers are ''.
TpTrace Verbose: 0 : 10060, 4, 2020/11/30, 23:46:02.431, 8073570757210, testhost.dll, TestExecutorService: Loaded the settings providers
TpTrace Information: 0 : 10060, 4, 2020/11/30, 23:46:02.431, 8073570758753, testhost.dll, TestExecutorService: Loaded the extensions
TpTrace Information: 0 : 10060, 4, 2020/11/30, 23:46:02.513, 8073571575343, testhost.dll, TestDiscoveryManager: Discovering tests from sources C:\Users\kerim\Source\Repos\KHalilovic3\VVSZ2\Hypo Banka\Unit Testovi\bin\Debug\fine-code-coverage\Unit Testovi.dll
TpTrace Verbose: 0 : 10060, 4, 2020/11/30, 23:46:02.515, 8073571596053, testhost.dll, TestPluginCache.DiscoverTestExtensions: finding test extensions in assemblies endswith: TestAdapter.dll TPluginInfo: Microsoft.VisualStudio.TestPlatform.Common.ExtensionFramework.Utilities.TestDiscovererPluginInformation TExtension: Microsoft.VisualStudio.TestPlatform.ObjectModel.Adapter.ITestDiscoverer
TpTrace Verbose: 0 : 10060, 4, 2020/11/30, 23:46:02.515, 8073571597406, testhost.dll, TestPluginCache.GetExtensionPaths: Filtered extension paths: 
TpTrace Verbose: 0 : 10060, 4, 2020/11/30, 23:46:02.515, 8073571597882, testhost.dll, TestPluginCache.GetExtensionPaths: Added default extension paths: C:\Users\kerim\Source\Repos\KHalilovic3\VVSZ2\Hypo Banka\Unit Testovi\bin\Debug\fine-code-coverage\Microsoft.VisualStudio.TestPlatform.MSTest.TestAdapter.dll
TpTrace Verbose: 0 : 10060, 4, 2020/11/30, 23:46:02.515, 8073571598189, testhost.dll, TestPluginCache.GetExtensionPaths: Added unfilterableExtensionPaths: 
TpTrace Information: 0 : 10060, 4, 2020/11/30, 23:46:02.515, 8073571599386, testhost.dll, AssemblyResolver.AddSearchDirectories: Adding more searchDirectories C:\Users\kerim\Source\Repos\KHalilovic3\VVSZ2\Hypo Banka\Unit Testovi\bin\Debug\fine-code-coverage
TpTrace Verbose: 0 : 10060, 4, 2020/11/30, 23:46:02.515, 8073571599785, testhost.dll, TestPluginCache.DiscoverTestExtensions: Discovering the extensions using extension path.
TpTrace Verbose: 0 : 10060, 4, 2020/11/30, 23:46:02.515, 8073571600096, testhost.dll, TestPluginCache.GetExtensionPaths: Filtered extension paths: 
TpTrace Verbose: 0 : 10060, 4, 2020/11/30, 23:46:02.515, 8073571600428, testhost.dll, TestPluginCache.GetExtensionPaths: Added default extension paths: C:\Users\kerim\Source\Repos\KHalilovic3\VVSZ2\Hypo Banka\Unit Testovi\bin\Debug\fine-code-coverage\Microsoft.VisualStudio.TestPlatform.MSTest.TestAdapter.dll
TpTrace Verbose: 0 : 10060, 4, 2020/11/30, 23:46:02.515, 8073571600718, testhost.dll, TestPluginCache.GetExtensionPaths: Added unfilterableExtensionPaths: 
TpTrace Verbose: 0 : 10060, 4, 2020/11/30, 23:46:02.515, 8073571601027, testhost.dll, TestPluginCache.DiscoverTestExtensions: Discovering the extensions using allExtensionPaths: C:\Users\kerim\Source\Repos\KHalilovic3\VVSZ2\Hypo Banka\Unit Testovi\bin\Debug\fine-code-coverage\Microsoft.VisualStudio.TestPlatform.MSTest.TestAdapter.dll
TpTrace Information: 0 : 10060, 4, 2020/11/30, 23:46:02.515, 8073571601467, testhost.dll, AssemblyResolver.AddSearchDirectories: Adding more searchDirectories C:\Users\kerim\Source\Repos\KHalilovic3\VVSZ2\Hypo Banka\Unit Testovi\bin\Debug\fine-code-coverage
TpTrace Verbose: 0 : 10060, 4, 2020/11/30, 23:46:02.518, 8073571633327, testhost.dll, TestPluginCache: Discovered the extensions using extension path ''.
TpTrace Verbose: 0 : 10060, 4, 2020/11/30, 23:46:02.518, 8073571634377, testhost.dll, TestPluginCache: Discoverers are 'Microsoft.VisualStudio.TestPlatform.MSTest.TestAdapter.MSTestDiscoverer, Microsoft.VisualStudio.TestPlatform.MSTest.TestAdapter, Version=14.0.0.0, Culture=neutral, PublicKeyToken=b03f5f7f11d50a3a'.
TpTrace Verbose: 0 : 10060, 4, 2020/11/30, 23:46:02.518, 8073571634750, testhost.dll, TestPluginCache: Executors are 'executor://MSTestAdapter/v2'.
TpTrace Verbose: 0 : 10060, 4, 2020/11/30, 23:46:02.518, 8073571635123, testhost.dll, TestPluginCache: Setting providers are ''.
TpTrace Verbose: 0 : 10060, 4, 2020/11/30, 23:46:02.519, 8073571635406, testhost.dll, TestPluginCache: Loggers are ''.
TpTrace Verbose: 0 : 10060, 4, 2020/11/30, 23:46:02.525, 8073571702959, testhost.dll, BaseRunTests.RunTestInternalWithExecutors: Running tests for executor://MSTestAdapter/v2
TpTrace Information: 0 : 10060, 4, 2020/11/30, 23:46:02.576, 8073572210279, testhost.dll, AssemblyResolver.OnResolve: Microsoft.VisualStudio.TestPlatform.MSTestAdapter.PlatformServices.resources: Resolving assembly.
TpTrace Information: 0 : 10060, 4, 2020/11/30, 23:46:02.576, 8073572211814, testhost.dll, AssemblyResolver.OnResolve: Microsoft.VisualStudio.TestPlatform.MSTestAdapter.PlatformServices.resources: Failed to load assembly.
TpTrace Information: 0 : 10060, 4, 2020/11/30, 23:46:02.576, 8073572214245, testhost.dll, AssemblyResolver.OnResolve: Microsoft.VisualStudio.TestPlatform.MSTestAdapter.PlatformServices.resources: Resolving assembly.
TpTrace Information: 0 : 10060, 4, 2020/11/30, 23:46:02.576, 8073572214704, testhost.dll, AssemblyResolver.OnResolve: Microsoft.VisualStudio.TestPlatform.MSTestAdapter.PlatformServices.resources: Resolved from cache.
TpTrace Verbose: 0 : 10060, 4, 2020/11/30, 23:46:02.592, 8073572365412, testhost.dll, TestExecutionRecorder.RecordStart: Starting test: Unit_Testovi.NoviTestovi.TestZamjenskiObjekat.
TpTrace Information: 0 : 10060, 4, 2020/11/30, 23:46:02.712, 8073573567980, testhost.dll, AssemblyResolver.OnResolve: Microsoft.VisualStudio.TestPlatform.MSTest.TestAdapter.resources: Resolving assembly.
TpTrace Information: 0 : 10060, 4, 2020/11/30, 23:46:02.712, 8073573569544, testhost.dll, AssemblyResolver.OnResolve: Microsoft.VisualStudio.TestPlatform.MSTest.TestAdapter.resources: Failed to load assembly.
TpTrace Verbose: 0 : 10060, 4, 2020/11/30, 23:46:02.743, 8073573876319, testhost.dll, TestExecutionRecorder.RecordEnd: test: Unit_Testovi.NoviTestovi.TestZamjenskiObjekat execution completed.
TpTrace Verbose: 0 : 10060, 4, 2020/11/30, 23:46:02.756, 8073574009098, testhost.dll, TestExecutionRecorder.RecordResult: Received result for test: Unit_Testovi.NoviTestovi.TestZamjenskiObjekat.
TpTrace Warning: 0 : 10060, 4, 2020/11/30, 23:46:02.759, 8073574043385, testhost.dll, InProgressTests is null
TpTrace Warning: 0 : 10060, 4, 2020/11/30, 23:46:02.761, 8073574061885, testhost.dll, TestRunCache: No test found corresponding to testResult 'TestZamjenskiObjekat  Failed
  Message: Test method Unit_Testovi.NoviTestovi.TestZamjenskiObjekat threw exception: 
System.NotImplementedException: The method or operation is not implemented.
  StackTrace:
    at Hypo_Banka.Zahtjev.DaLiJePovoljan() in C:\Users\kerim\Source\Repos\KHalilovic3\VVSZ2\Hypo Banka\Hypo Banka\Zahtjev.cs:line 15
   at Hypo_Banka.Banka.OdobriKredit(IZahtjev zahtjev, Kredit kredit) in C:\Users\kerim\Source\Repos\KHalilovic3\VVSZ2\Hypo Banka\Hypo Banka\Banka.cs:line 105
   at Unit_Testovi.NoviTestovi.TestZamjenskiObjekat() in C:\Users\kerim\Source\Repos\KHalilovic3\VVSZ2\Hypo Banka\Unit Testovi\NoviTestovi.cs:line 25
' in inProgress list.
TpTrace Verbose: 0 : 10060, 4, 2020/11/30, 23:46:02.761, 8073574063557, testhost.dll, TestExecutionRecorder.RecordStart: Starting test: Unit_Testovi.NoviTestovi.TestSkidanjaIznosaSRačuna.
TpTrace Verbose: 0 : 10060, 4, 2020/11/30, 23:46:02.764, 8073574086967, testhost.dll, TestExecutionRecorder.RecordEnd: test: Unit_Testovi.NoviTestovi.TestSkidanjaIznosaSRačuna execution completed.
TpTrace Verbose: 0 : 10060, 4, 2020/11/30, 23:46:02.765, 8073574098307, testhost.dll, TestExecutionRecorder.RecordResult: Received result for test: Unit_Testovi.NoviTestovi.TestSkidanjaIznosaSRačuna.
TpTrace Warning: 0 : 10060, 4, 2020/11/30, 23:46:02.765, 8073574099091, testhost.dll, InProgressTests is null
TpTrace Warning: 0 : 10060, 4, 2020/11/30, 23:46:02.765, 8073574099568, testhost.dll, TestRunCache: No test found corresponding to testResult 'TestSkidanjaIznosaSRačuna  Failed
  Message: Test method Unit_Testovi.NoviTestovi.TestSkidanjaIznosaSRačuna threw exception: 
System.NotImplementedException: The method or operation is not implemented.
  StackTrace:
    at Hypo_Banka.Klijent.SkiniIznosSaNekogOdRačuna(Double ukupniIznos) in C:\Users\kerim\Source\Repos\KHalilovic3\VVSZ2\Hypo Banka\Hypo Banka\Klijent.cs:line 111
   at Unit_Testovi.NoviTestovi.TestSkidanjaIznosaSRačuna() in C:\Users\kerim\Source\Repos\KHalilovic3\VVSZ2\Hypo Banka\Unit Testovi\NoviTestovi.cs:line 43
' in inProgress list.
TpTrace Verbose: 0 : 10060, 4, 2020/11/30, 23:46:02.765, 8073574105004, testhost.dll, TestExecutionRecorder.RecordStart: Starting test: Unit_Testovi.NoviTestovi.TestSkidanjaIznosaSVišeRačuna.
TpTrace Verbose: 0 : 10060, 4, 2020/11/30, 23:46:02.769, 8073574144323, testhost.dll, TestExecutionRecorder.RecordEnd: test: Unit_Testovi.NoviTestovi.TestSkidanjaIznosaSVišeRačuna execution completed.
TpTrace Verbose: 0 : 10060, 4, 2020/11/30, 23:46:02.770, 8073574151688, testhost.dll, TestExecutionRecorder.RecordResult: Received result for test: Unit_Testovi.NoviTestovi.TestSkidanjaIznosaSVišeRačuna.
TpTrace Warning: 0 : 10060, 4, 2020/11/30, 23:46:02.770, 8073574152378, testhost.dll, InProgressTests is null
TpTrace Warning: 0 : 10060, 4, 2020/11/30, 23:46:02.770, 8073574152807, testhost.dll, TestRunCache: No test found corresponding to testResult 'TestSkidanjaIznosaSVišeRačuna  Failed
  Message: Test method Unit_Testovi.NoviTestovi.TestSkidanjaIznosaSVišeRačuna threw exception: 
System.NotImplementedException: The method or operation is not implemented.
  StackTrace:
    at Hypo_Banka.Klijent.SkiniIznosSaNekogOdRačuna(Double ukupniIznos) in C:\Users\kerim\Source\Repos\KHalilovic3\VVSZ2\Hypo Banka\Hypo Banka\Klijent.cs:line 111
   at Unit_Testovi.NoviTestovi.TestSkidanjaIznosaSVišeRačuna() in C:\Users\kerim\Source\Repos\KHalilovic3\VVSZ2\Hypo Banka\Unit Testovi\NoviTestovi.cs:line 62
' in inProgress list.
TpTrace Verbose: 0 : 10060, 4, 2020/11/30, 23:46:02.770, 8073574153311, testhost.dll, TestExecutionRecorder.RecordStart: Starting test: Unit_Testovi.NoviTestovi.TestSkidanjaIznosaIzuzetak.
TpTrace Information: 0 : 10060, 4, 2020/11/30, 23:46:02.773, 8073574183321, testhost.dll, AssemblyResolver.OnResolve: Microsoft.VisualStudio.TestPlatform.TestFramework.resources: Resolving assembly.
TpTrace Information: 0 : 10060, 4, 2020/11/30, 23:46:02.773, 8073574184899, testhost.dll, AssemblyResolver.OnResolve: Microsoft.VisualStudio.TestPlatform.TestFramework.resources: Failed to load assembly.
TpTrace Verbose: 0 : 10060, 4, 2020/11/30, 23:46:02.774, 8073574193907, testhost.dll, TestExecutionRecorder.RecordEnd: test: Unit_Testovi.NoviTestovi.TestSkidanjaIznosaIzuzetak execution completed.
TpTrace Verbose: 0 : 10060, 4, 2020/11/30, 23:46:02.775, 8073574203597, testhost.dll, TestExecutionRecorder.RecordResult: Received result for test: Unit_Testovi.NoviTestovi.TestSkidanjaIznosaIzuzetak.
TpTrace Warning: 0 : 10060, 4, 2020/11/30, 23:46:02.775, 8073574204287, testhost.dll, InProgressTests is null
TpTrace Warning: 0 : 10060, 4, 2020/11/30, 23:46:02.775, 8073574204709, testhost.dll, TestRunCache: No test found corresponding to testResult 'TestSkidanjaIznosaIzuzetak  Failed
  Message: Test method threw exception System.NotImplementedException, but exception System.InvalidOperationException was expected. Exception message: System.NotImplementedException: The method or operation is not implemented.
  StackTrace:
   at Hypo_Banka.Klijent.SkiniIznosSaNekogOdRačuna(Double ukupniIznos) in C:\Users\kerim\Source\Repos\KHalilovic3\VVSZ2\Hypo Banka\Hypo Banka\Klijent.cs:line 111
   at Unit_Testovi.NoviTestovi.TestSkidanjaIznosaIzuzetak() in C:\Users\kerim\Source\Repos\KHalilovic3\VVSZ2\Hypo Banka\Unit Testovi\NoviTestovi.cs:line 85
' in inProgress list.
TpTrace Verbose: 0 : 10060, 4, 2020/11/30, 23:46:02.777, 8073574221499, testhost.dll, BaseRunTests.RunTestInternalWithExecutors: Completed running tests for executor://MSTestAdapter/v2
TpTrace Information: 0 : 10060, 4, 2020/11/30, 23:46:02.781, 8073574257909, testhost.dll, Sending test run complete
TpTrace Verbose: 0 : 10060, 4, 2020/11/30, 23:46:02.813, 8073574578070, testhost.dll, TestRequestHandler.SendData:  sending data from testhost: {"Version":2,"MessageType":"TestExecution.Completed","Payload":{"TestRunCompleteArgs":{"TestRunStatistics":{"ExecutedTests":4,"Stats":{"Failed":4}},"IsCanceled":false,"IsAborted":false,"Error":null,"AttachmentSets":[],"ElapsedTimeInRunningTests":"00:00:00.2568492","Metrics":{}},"LastRunTests":{"NewTestResults":[{"TestCase":{"Id":"aef9dec6-1181-fac1-2596-b31421e8da47","FullyQualifiedName":"Unit_Testovi.NoviTestovi.TestZamjenskiObjekat","DisplayName":"TestZamjenskiObjekat","ExecutorUri":"executor://MSTestAdapter/v2","Source":"C:\\Users\\kerim\\Source\\Repos\\KHalilovic3\\VVSZ2\\Hypo Banka\\Unit Testovi\\bin\\Debug\\fine-code-coverage\\Unit Testovi.dll","CodeFilePath":null,"LineNumber":-1,"Properties":[{"Key":{"Id":"MSTestDiscoverer.TestClassName","Label":"ClassName","Category":"","Description":"","Attributes":1,"ValueType":"System.String"},"Value":"Unit_Testovi.NoviTestovi"},{"Key":{"Id":"TestObject.Traits","Label":"Traits","Category":"","Description":"","Attributes":5,"ValueType":"System.Collections.Generic.KeyValuePair`2[[System.String],[System.String]][]"},"Value":[]}]},"Attachments":[],"Outcome":2,"ErrorMessage":"Test method Unit_Testovi.NoviTestovi.TestZamjenskiObjekat threw exception: \r\nSystem.NotImplementedException: The method or operation is not implemented.","ErrorStackTrace":"    at Hypo_Banka.Zahtjev.DaLiJePovoljan() in C:\\Users\\kerim\\Source\\Repos\\KHalilovic3\\VVSZ2\\Hypo Banka\\Hypo Banka\\Zahtjev.cs:line 15\r\n   at Hypo_Banka.Banka.OdobriKredit(IZahtjev zahtjev, Kredit kredit) in C:\\Users\\kerim\\Source\\Repos\\KHalilovic3\\VVSZ2\\Hypo Banka\\Hypo Banka\\Banka.cs:line 105\r\n   at Unit_Testovi.NoviTestovi.TestZamjenskiObjekat() in C:\\Users\\kerim\\Source\\Repos\\KHalilovic3\\VVSZ2\\Hypo Banka\\Unit Testovi\\NoviTestovi.cs:line 25\r\n","DisplayName":null,"Messages":[],"ComputerName":null,"Duration":"00:00:00.0359902","StartTime":"2020-11-30T23:46:02.6652299+01:00","EndTime":"2020-11-30T23:46:02.7392235+01:00","Properties":[{"Key":{"Id":"ExecutionId","Label":"ExecutionId","Category":"","Description":"","Attributes":1,"ValueType":"System.Guid"},"Value":"00000000-0000-0000-0000-000000000000"},{"Key":{"Id":"ParentExecId","Label":"ParentExecId","Category":"","Description":"","Attributes":1,"ValueType":"System.Guid"},"Value":"00000000-0000-0000-0000-000000000000"},{"Key":{"Id":"InnerResultsCount","Label":"InnerResultsCount","Category":"","Description":"","Attributes":1,"ValueType":"System.Int32"},"Value":0}]},{"TestCase":{"Id":"5cf3213e-7f5b-3dd9-a044-6f83efb0a78d","FullyQualifiedName":"Unit_Testovi.NoviTestovi.TestSkidanjaIznosaSRačuna","DisplayName":"TestSkidanjaIznosaSRačuna","ExecutorUri":"executor://MSTestAdapter/v2","Source":"C:\\Users\\kerim\\Source\\Repos\\KHalilovic3\\VVSZ2\\Hypo Banka\\Unit Testovi\\bin\\Debug\\fine-code-coverage\\Unit Testovi.dll","CodeFilePath":null,"LineNumber":-1,"Properties":[{"Key":{"Id":"MSTestDiscoverer.TestClassName","Label":"ClassName","Category":"","Description":"","Attributes":1,"ValueType":"System.String"},"Value":"Unit_Testovi.NoviTestovi"},{"Key":{"Id":"TestObject.Traits","Label":"Traits","Category":"","Description":"","Attributes":5,"ValueType":"System.Collections.Generic.KeyValuePair`2[[System.String],[System.String]][]"},"Value":[]}]},"Attachments":[],"Outcome":2,"ErrorMessage":"Test method Unit_Testovi.NoviTestovi.TestSkidanjaIznosaSRačuna threw exception: \r\nSystem.NotImplementedException: The method or operation is not implemented.","ErrorStackTrace":"    at Hypo_Banka.Klijent.SkiniIznosSaNekogOdRačuna(Double ukupniIznos) in C:\\Users\\kerim\\Source\\Repos\\KHalilovic3\\VVSZ2\\Hypo Banka\\Hypo Banka\\Klijent.cs:line 111\r\n   at Unit_Testovi.NoviTestovi.TestSkidanjaIznosaSRačuna() in C:\\Users\\kerim\\Source\\Repos\\KHalilovic3\\VVSZ2\\Hypo Banka\\Unit Testovi\\NoviTestovi.cs:line 43\r\n","DisplayName":null,"Messages":[],"ComputerName":null,"Duration":"00:00:00.0007875","StartTime":"2020-11-30T23:46:02.7631926+01:00","EndTime":"2020-11-30T23:46:02.7641609+01:00","Properties":[{"Key":{"Id":"ExecutionId","Label":"ExecutionId","Category":"","Description":"","Attributes":1,"ValueType":"System.Guid"},"Value":"00000000-0000-0000-0000-000000000000"},{"Key":{"Id":"ParentExecId","Label":"ParentExecId","Category":"","Description":"","Attributes":1,"ValueType":"System.Guid"},"Value":"00000000-0000-0000-0000-000000000000"},{"Key":{"Id":"InnerResultsCount","Label":"InnerResultsCount","Category":"","Description":"","Attributes":1,"ValueType":"System.Int32"},"Value":0}]},{"TestCase":{"Id":"d1ff441f-0941-1549-c823-437ca7a58d70","FullyQualifiedName":"Unit_Testovi.NoviTestovi.TestSkidanjaIznosaSVišeRačuna","DisplayName":"TestSkidanjaIznosaSVišeRačuna","ExecutorUri":"executor://MSTestAdapter/v2","Source":"C:\\Users\\kerim\\Source\\Repos\\KHalilovic3\\VVSZ2\\Hypo Banka\\Unit Testovi\\bin\\Debug\\fine-code-coverage\\Unit Testovi.dll","CodeFilePath":null,"LineNumber":-1,"Properties":[{"Key":{"Id":"MSTestDiscoverer.TestClassName","Label":"ClassName","Category":"","Description":"","Attributes":1,"ValueType":"System.String"},"Value":"Unit_Testovi.NoviTestovi"},{"Key":{"Id":"TestObject.Traits","Label":"Traits","Category":"","Description":"","Attributes":5,"ValueType":"System.Collections.Generic.KeyValuePair`2[[System.String],[System.String]][]"},"Value":[]}]},"Attachments":[],"Outcome":2,"ErrorMessage":"Test method Unit_Testovi.NoviTestovi.TestSkidanjaIznosaSVišeRačuna threw exception: \r\nSystem.NotImplementedException: The method or operation is not implemented.","ErrorStackTrace":"    at Hypo_Banka.Klijent.SkiniIznosSaNekogOdRačuna(Double ukupniIznos) in C:\\Users\\kerim\\Source\\Repos\\KHalilovic3\\VVSZ2\\Hypo Banka\\Hypo Banka\\Klijent.cs:line 111\r\n   at Unit_Testovi.NoviTestovi.TestSkidanjaIznosaSVišeRačuna() in C:\\Users\\kerim\\Source\\Repos\\KHalilovic3\\VVSZ2\\Hypo Banka\\Unit Testovi\\NoviTestovi.cs:line 62\r\n","DisplayName":null,"Messages":[],"ComputerName":null,"Duration":"00:00:00.0007781","StartTime":"2020-11-30T23:46:02.7690041+01:00","EndTime":"2020-11-30T23:46:02.7699041+01:00","Properties":[{"Key":{"Id":"ExecutionId","Label":"ExecutionId","Category":"","Description":"","Attributes":1,"ValueType":"System.Guid"},"Value":"00000000-0000-0000-0000-000000000000"},{"Key":{"Id":"ParentExecId","Label":"ParentExecId","Category":"","Description":"","Attributes":1,"ValueType":"System.Guid"},"Value":"00000000-0000-0000-0000-000000000000"},{"Key":{"Id":"InnerResultsCount","Label":"InnerResultsCount","Category":"","Description":"","Attributes":1,"ValueType":"System.Int32"},"Value":0}]},{"TestCase":{"Id":"20af2549-b915-3c8e-c4f0-37793dba0a97","FullyQualifiedName":"Unit_Testovi.NoviTestovi.TestSkidanjaIznosaIzuzetak","DisplayName":"TestSkidanjaIznosaIzuzetak","ExecutorUri":"executor://MSTestAdapter/v2","Source":"C:\\Users\\kerim\\Source\\Repos\\KHalilovic3\\VVSZ2\\Hypo Banka\\Unit Testovi\\bin\\Debug\\fine-code-coverage\\Unit Testovi.dll","CodeFilePath":null,"LineNumber":-1,"Properties":[{"Key":{"Id":"MSTestDiscoverer.TestClassName","Label":"ClassName","Category":"","Description":"","Attributes":1,"ValueType":"System.String"},"Value":"Unit_Testovi.NoviTestovi"},{"Key":{"Id":"TestObject.Traits","Label":"Traits","Category":"","Description":"","Attributes":5,"ValueType":"System.Collections.Generic.KeyValuePair`2[[System.String],[System.String]][]"},"Value":[]}]},"Attachments":[],"Outcome":2,"ErrorMessage":"Test method threw exception System.NotImplementedException, but exception System.InvalidOperationException was expected. Exception message: System.NotImplementedException: The method or operation is not implemented.","ErrorStackTrace":"   at Hypo_Banka.Klijent.SkiniIznosSaNekogOdRačuna(Double ukupniIznos) in C:\\Users\\kerim\\Source\\Repos\\KHalilovic3\\VVSZ2\\Hypo Banka\\Hypo Banka\\Klijent.cs:line 111\r\n   at Unit_Testovi.NoviTestovi.TestSkidanjaIznosaIzuzetak() in C:\\Users\\kerim\\Source\\Repos\\KHalilovic3\\VVSZ2\\Hypo Banka\\Unit Testovi\\NoviTestovi.cs:line 85\r\n","DisplayName":null,"Messages":[],"ComputerName":null,"Duration":"00:00:00.0024167","StartTime":"2020-11-30T23:46:02.7722389+01:00","EndTime":"2020-11-30T23:46:02.7748599+01:00","Properties":[{"Key":{"Id":"ExecutionId","Label":"ExecutionId","Category":"","Description":"","Attributes":1,"ValueType":"System.Guid"},"Value":"00000000-0000-0000-0000-000000000000"},{"Key":{"Id":"ParentExecId","Label":"ParentExecId","Category":"","Description":"","Attributes":1,"ValueType":"System.Guid"},"Value":"00000000-0000-0000-0000-000000000000"},{"Key":{"Id":"InnerResultsCount","Label":"InnerResultsCount","Category":"","Description":"","Attributes":1,"ValueType":"System.Int32"},"Value":0}]}],"TestRunStatistics":{"ExecutedTests":4,"Stats":{"Failed":4}},"ActiveTests":[]},"RunAttachments":[],"ExecutorUris":["executor://mstestadapter/v2"]}}
TpTrace Verbose: 0 : 10060, 4, 2020/11/30, 23:46:02.813, 8073574583890, testhost.dll, BaseRunTests.RunTests: Run is complete.
TpTrace Verbose: 0 : 10060, 9, 2020/11/30, 23:46:02.815, 8073574598251, testhost.dll, TcpClientExtensions.MessageLoopAsync: NotifyDataAvailable remoteEndPoint: [::ffff:127.0.0.1]:64663 localEndPoint: [::ffff:127.0.0.1]:64665
TpTrace Information: 0 : 10060, 9, 2020/11/30, 23:46:02.815, 8073574599532, testhost.dll, TestRequestHandler.ProcessRequests: received message: (TestSession.Terminate) -> null
TpTrace Information: 0 : 10060, 9, 2020/11/30, 23:46:02.815, 8073574599949, testhost.dll, Session End message received from server. Closing the connection.
TpTrace Information: 0 : 10060, 9, 2020/11/30, 23:46:02.815, 8073574603285, testhost.dll, SocketClient.Stop: Stop communication from server endpoint: 127.0.0.1:064663
TpTrace Information: 0 : 10060, 9, 2020/11/30, 23:46:02.815, 8073574603710, testhost.dll, SocketClient: Stop: Cancellation requested. Stopping message loop.
TpTrace Verbose: 0 : 10060, 9, 2020/11/30, 23:46:02.816, 8073574605586, testhost.dll, LengthPrefixCommunicationChannel.Dispose: Dispose reader and writer.
TpTrace Information: 0 : 10060, 9, 2020/11/30, 23:46:02.816, 8073574606063, testhost.dll, Closing the connection !
TpTrace Information: 0 : 10060, 9, 2020/11/30, 23:46:02.816, 8073574607991, testhost.dll, SocketClient.PrivateStop: Stop communication from server endpoint: 127.0.0.1:064663, error:
TpTrace Verbose: 0 : 10060, 9, 2020/11/30, 23:46:02.816, 8073574609413, testhost.dll, LengthPrefixCommunicationChannel.Dispose: Dispose reader and writer.
TpTrace Information: 0 : 10060, 1, 2020/11/30, 23:46:02.816, 8073574609538, testhost.dll, Closing the connection !
TpTrace Information: 0 : 10060, 1, 2020/11/30, 23:46:02.816, 8073574610423, testhost.dll, SocketClient.Stop: Stop communication from server endpoint: 127.0.0.1:064663
TpTrace Verbose: 0 : 10060, 9, 2020/11/30, 23:46:02.816, 8073574609937, testhost.dll, TcpClientExtensions.MessageLoopAsync: exiting MessageLoopAsync remoteEndPoint: [::ffff:127.0.0.1]:64663 localEndPoint: [::ffff:127.0.0.1]:64665
TpTrace Verbose: 0 : 10060, 1, 2020/11/30, 23:46:02.816, 8073574610808, testhost.dll, LengthPrefixCommunicationChannel.Dispose: Dispose reader and writer.
TpTrace Information: 0 : 10060, 1, 2020/11/30, 23:46:02.816, 8073574612840, testhost.dll, Testhost process exiting.
